TN:
SF:src/AutoCompleteDsfr/index.tsx
FN:28,extractAutocompleteValue
FN:48,AutoCompleteRenderInputDsfr
FN:70,AutoCompleteDsfr
FN:99,renderInput
FNF:4
FNH:4
FNDA:5,extractAutocompleteValue
FNDA:7,AutoCompleteRenderInputDsfr
FNDA:3,AutoCompleteDsfr
FNDA:7,renderInput
DA:1,1
DA:2,1
DA:3,1
DA:4,1
DA:5,1
DA:6,1
DA:7,1
DA:8,1
DA:9,1
DA:10,1
DA:11,1
DA:12,1
DA:13,1
DA:14,1
DA:15,1
DA:16,1
DA:17,1
DA:18,1
DA:19,1
DA:20,1
DA:21,1
DA:22,1
DA:23,1
DA:24,1
DA:25,1
DA:26,1
DA:27,1
DA:28,1
DA:29,5
DA:30,5
DA:31,5
DA:32,1
DA:33,1
DA:34,5
DA:35,1
DA:36,1
DA:37,1
DA:38,1
DA:39,1
DA:40,1
DA:41,1
DA:42,5
DA:43,1
DA:44,1
DA:45,2
DA:46,2
DA:47,1
DA:48,1
DA:49,7
DA:50,7
DA:51,7
DA:52,7
DA:53,7
DA:54,7
DA:55,7
DA:56,7
DA:57,7
DA:58,7
DA:59,7
DA:60,7
DA:61,7
DA:62,7
DA:63,7
DA:64,7
DA:65,7
DA:66,7
DA:67,7
DA:68,7
DA:69,1
DA:70,1
DA:71,3
DA:72,3
DA:73,3
DA:74,3
DA:75,3
DA:76,3
DA:77,3
DA:78,3
DA:79,3
DA:80,3
DA:81,3
DA:82,3
DA:83,3
DA:84,3
DA:85,3
DA:86,3
DA:87,3
DA:88,3
DA:89,3
DA:90,3
DA:91,3
DA:92,3
DA:93,3
DA:94,3
DA:95,3
DA:96,3
DA:97,3
DA:98,3
DA:99,3
DA:100,7
DA:101,3
DA:102,3
DA:103,3
DA:104,0
DA:105,3
DA:106,3
DA:107,3
DA:108,3
LF:108
LH:107
BRDA:28,0,0,5
BRDA:31,1,0,1
BRDA:33,2,0,4
BRDA:34,3,0,1
BRDA:40,4,0,0
BRDA:41,5,0,3
BRDA:42,6,0,2
BRDA:42,7,0,1
BRDA:37,8,0,1
BRDA:48,9,0,7
BRDA:60,10,0,5
BRDA:64,11,0,5
BRDA:70,12,0,3
BRDA:85,13,0,0
BRDA:103,14,0,0
BRDA:99,15,0,7
BRF:16
BRH:13
end_of_record
TN:
SF:src/DynamicInputList/index.tsx
FN:21,DynamicInputList
FN:34,addInput
FN:40,deleteInput
FN:47,updateInput
FN:74,onChange
FN:83,onClick
FNF:6
FNH:6
FNDA:4,DynamicInputList
FNDA:1,addInput
FNDA:1,deleteInput
FNDA:1,updateInput
FNDA:1,onChange
FNDA:1,onClick
DA:1,1
DA:2,1
DA:3,1
DA:4,1
DA:5,1
DA:6,1
DA:7,1
DA:8,1
DA:9,1
DA:10,1
DA:11,1
DA:12,1
DA:13,1
DA:14,1
DA:15,1
DA:16,1
DA:17,1
DA:18,1
DA:19,1
DA:20,1
DA:21,1
DA:22,4
DA:23,4
DA:24,4
DA:25,4
DA:26,4
DA:27,4
DA:28,4
DA:29,4
DA:30,4
DA:31,4
DA:32,4
DA:33,4
DA:34,4
DA:35,1
DA:36,1
DA:37,1
DA:38,1
DA:39,4
DA:40,4
DA:41,1
DA:42,1
DA:43,1
DA:44,1
DA:45,1
DA:46,4
DA:47,4
DA:48,1
DA:49,1
DA:50,1
DA:51,1
DA:52,4
DA:53,4
DA:54,4
DA:55,4
DA:56,4
DA:57,4
DA:58,6
DA:59,6
DA:60,6
DA:61,6
DA:62,6
DA:63,6
DA:64,6
DA:65,6
DA:66,6
DA:67,6
DA:68,6
DA:69,6
DA:70,6
DA:71,6
DA:72,6
DA:73,6
DA:74,6
DA:75,1
DA:76,1
DA:77,6
DA:78,6
DA:79,6
DA:80,6
DA:81,6
DA:82,6
DA:83,6
DA:84,1
DA:85,1
DA:86,6
DA:87,6
DA:88,6
DA:89,6
DA:90,6
DA:91,6
DA:92,4
DA:93,4
DA:94,4
DA:95,4
DA:96,4
DA:97,4
DA:98,4
DA:99,4
DA:100,4
DA:101,4
DA:102,4
DA:103,4
DA:104,4
DA:105,4
DA:106,4
DA:107,4
LF:107
LH:107
BRDA:21,0,0,4
BRDA:34,1,0,1
BRDA:40,2,0,1
BRDA:42,3,0,2
BRDA:47,4,0,1
BRDA:57,5,0,6
BRDA:74,6,0,1
BRDA:83,7,0,1
BRF:8
BRH:8
end_of_record
TN:
SF:src/InlineAutoComplete/index.tsx
FN:31,InlineAutoComplete
FN:46,onModify
FN:50,onSave
FN:83,onChange
FNF:4
FNH:4
FNDA:5,InlineAutoComplete
FNDA:1,onModify
FNDA:1,onSave
FNDA:1,onChange
DA:1,1
DA:2,1
DA:3,1
DA:4,1
DA:5,1
DA:6,1
DA:7,1
DA:8,1
DA:9,1
DA:10,1
DA:11,1
DA:12,1
DA:13,1
DA:14,1
DA:15,1
DA:16,1
DA:17,1
DA:18,1
DA:19,1
DA:20,1
DA:21,1
DA:22,1
DA:23,1
DA:24,1
DA:25,1
DA:26,1
DA:27,1
DA:28,1
DA:29,1
DA:30,1
DA:31,1
DA:32,5
DA:33,5
DA:34,5
DA:35,5
DA:36,5
DA:37,5
DA:38,5
DA:39,5
DA:40,5
DA:41,5
DA:42,5
DA:43,5
DA:44,5
DA:45,5
DA:46,5
DA:47,1
DA:48,1
DA:49,5
DA:50,5
DA:51,1
DA:52,1
DA:53,1
DA:54,1
DA:55,5
DA:56,5
DA:57,5
DA:58,5
DA:59,5
DA:60,5
DA:61,5
DA:62,5
DA:63,5
DA:64,3
DA:65,3
DA:66,3
DA:67,3
DA:68,3
DA:69,3
DA:70,3
DA:71,3
DA:72,3
DA:73,5
DA:74,5
DA:75,2
DA:76,2
DA:77,2
DA:78,2
DA:79,2
DA:80,2
DA:81,2
DA:82,2
DA:83,2
DA:84,1
DA:85,1
DA:86,1
DA:87,1
DA:88,1
DA:89,1
DA:90,1
DA:91,1
DA:92,2
DA:93,2
DA:94,2
DA:95,2
DA:96,2
DA:97,2
DA:98,5
DA:99,5
DA:100,5
DA:101,5
DA:102,5
DA:103,5
DA:104,5
DA:105,5
DA:106,5
DA:107,5
DA:108,5
DA:109,5
DA:110,5
DA:111,5
DA:112,5
DA:113,5
DA:114,5
DA:115,5
LF:115
LH:115
BRDA:31,0,0,5
BRDA:63,1,0,2
BRDA:63,2,0,3
BRDA:74,3,0,2
BRDA:74,4,0,2
BRDA:46,5,0,1
BRDA:50,6,0,1
BRDA:83,7,0,1
BRF:8
BRH:8
end_of_record
TN:
SF:src/InlineInput/index.tsx
FN:29,InlineInput
FN:44,onModify
FN:48,onSave
FN:70,onChange
FNF:4
FNH:4
FNDA:18,InlineInput
FNDA:5,onModify
FNDA:1,onSave
FNDA:3,onChange
DA:1,1
DA:2,1
DA:3,1
DA:4,1
DA:5,1
DA:6,1
DA:7,1
DA:8,1
DA:9,1
DA:10,1
DA:11,1
DA:12,1
DA:13,1
DA:14,1
DA:15,1
DA:16,1
DA:17,1
DA:18,1
DA:19,1
DA:20,1
DA:21,1
DA:22,1
DA:23,1
DA:24,1
DA:25,1
DA:26,1
DA:27,1
DA:28,1
DA:29,1
DA:30,18
DA:31,18
DA:32,18
DA:33,18
DA:34,18
DA:35,18
DA:36,18
DA:37,18
DA:38,18
DA:39,18
DA:40,18
DA:41,18
DA:42,18
DA:43,18
DA:44,18
DA:45,5
DA:46,5
DA:47,18
DA:48,18
DA:49,1
DA:50,1
DA:51,1
DA:52,1
DA:53,18
DA:54,18
DA:55,18
DA:56,18
DA:57,18
DA:58,18
DA:59,18
DA:60,18
DA:61,18
DA:62,18
DA:63,18
DA:64,18
DA:65,18
DA:66,18
DA:67,18
DA:68,18
DA:69,18
DA:70,18
DA:71,3
DA:72,3
DA:73,3
DA:74,18
DA:75,18
DA:76,18
DA:77,18
DA:78,18
DA:79,18
DA:80,17
DA:81,17
DA:82,17
DA:83,17
DA:84,17
DA:85,17
DA:86,17
DA:87,17
DA:88,18
DA:89,18
DA:90,18
DA:91,18
DA:92,18
LF:92
LH:92
BRDA:29,0,0,18
BRDA:62,1,0,8
BRDA:79,2,0,17
BRDA:44,3,0,5
BRDA:48,4,0,1
BRDA:70,5,0,3
BRF:6
BRH:6
end_of_record
TN:
SF:src/InlineSaveCancelButtons/index.tsx
FN:14,InlineEditSaveCancelButtons
FN:27,onClick
FN:39,onClick
FN:49,onClick
FNF:4
FNH:4
FNDA:41,InlineEditSaveCancelButtons
FNDA:10,onClick
FNDA:5,onClick
FNDA:3,onClick
DA:1,1
DA:2,1
DA:3,1
DA:4,1
DA:5,1
DA:6,1
DA:7,1
DA:8,1
DA:9,1
DA:10,1
DA:11,1
DA:12,1
DA:13,1
DA:14,1
DA:15,41
DA:16,41
DA:17,41
DA:18,41
DA:19,41
DA:20,41
DA:21,41
DA:22,41
DA:23,41
DA:24,41
DA:25,41
DA:26,41
DA:27,41
DA:28,10
DA:29,10
DA:30,10
DA:31,41
DA:32,41
DA:33,41
DA:34,41
DA:35,41
DA:36,19
DA:37,19
DA:38,19
DA:39,19
DA:40,5
DA:41,5
DA:42,5
DA:43,19
DA:44,19
DA:45,19
DA:46,19
DA:47,19
DA:48,19
DA:49,19
DA:50,3
DA:51,1
DA:52,1
DA:53,3
DA:54,3
DA:55,19
DA:56,19
DA:57,19
DA:58,19
DA:59,19
DA:60,41
DA:61,41
DA:62,41
DA:63,41
LF:63
LH:63
BRDA:14,0,0,41
BRDA:25,1,0,22
BRDA:35,2,0,19
BRDA:27,3,0,10
BRDA:39,4,0,5
BRDA:49,5,0,3
BRDA:50,6,0,1
BRF:7
BRH:7
end_of_record
TN:
SF:src/InlineSelect/index.tsx
FN:23,InlineSelect
FN:37,onModify
FN:41,onSave
FN:59,onChange
FNF:4
FNH:4
FNDA:13,InlineSelect
FNDA:3,onModify
FNDA:2,onSave
FNDA:2,onChange
DA:1,1
DA:2,1
DA:3,1
DA:4,1
DA:5,1
DA:6,1
DA:7,1
DA:8,1
DA:9,1
DA:10,1
DA:11,1
DA:12,1
DA:13,1
DA:14,1
DA:15,1
DA:16,1
DA:17,1
DA:18,1
DA:19,1
DA:20,1
DA:21,1
DA:22,1
DA:23,1
DA:24,13
DA:25,13
DA:26,13
DA:27,13
DA:28,13
DA:29,13
DA:30,13
DA:31,13
DA:32,13
DA:33,13
DA:34,13
DA:35,13
DA:36,13
DA:37,13
DA:38,3
DA:39,3
DA:40,13
DA:41,13
DA:42,2
DA:43,2
DA:44,2
DA:45,2
DA:46,13
DA:47,13
DA:48,13
DA:49,13
DA:50,13
DA:51,13
DA:52,13
DA:53,13
DA:54,13
DA:55,13
DA:56,13
DA:57,13
DA:58,13
DA:59,13
DA:60,2
DA:61,2
DA:62,2
DA:63,2
DA:64,2
DA:65,2
DA:66,2
DA:67,13
DA:68,13
DA:69,13
DA:70,13
DA:71,13
DA:72,13
DA:73,13
DA:74,13
DA:75,13
DA:76,12
DA:77,12
DA:78,12
DA:79,12
DA:80,12
DA:81,12
DA:82,12
DA:83,12
DA:84,13
DA:85,13
DA:86,13
DA:87,13
DA:88,13
LF:88
LH:88
BRDA:23,0,0,13
BRDA:55,1,0,5
BRDA:75,2,0,12
BRDA:75,3,0,12
BRDA:37,4,0,3
BRDA:41,5,0,2
BRDA:43,6,0,1
BRDA:43,7,0,1
BRDA:59,8,0,2
BRDA:62,9,0,3
BRF:10
BRH:10
end_of_record
